# Logfile created on 2014-02-22 21:32:23 +0100 by logger.rb/41954
D, [2014-02-22T21:32:23.973651 #1648] DEBUG -- : REQUESTING PAGE: GET /signup with {} and HTTP headers {}
D, [2014-02-22T21:32:24.052237 #1648] DEBUG -- : REQUESTING PAGE: POST /users with {"utf8"=>"✓", "user"=>{"name"=>"", "email"=>"", "password"=>"", "password_confirmation"=>""}, "commit"=>"Inscription"} and HTTP headers {"HTTP_REFERER"=>"/signup"}
D, [2014-02-22T21:32:24.078582 #1648] DEBUG -- : REQUESTING PAGE: GET /signup with {} and HTTP headers {}
D, [2014-02-22T21:32:24.100478 #1648] DEBUG -- : REQUESTING PAGE: POST /users with {"utf8"=>"✓", "user"=>{"name"=>"Example User", "email"=>"user@example.com", "password"=>"foobar", "password_confirmation"=>"foobar"}, "commit"=>"Inscription"} and HTTP headers {"HTTP_REFERER"=>"/signup"}
D, [2014-02-22T21:32:24.107438 #1648] DEBUG -- : REQUESTING PAGE: GET http://www.example.com/users/1 with {} and HTTP headers {"HTTP_REFERER"=>"/users"}
D, [2014-02-22T21:43:11.676535 #1740] DEBUG -- : REQUESTING PAGE: GET /signup with {} and HTTP headers {}
D, [2014-02-22T21:43:11.716985 #1740] DEBUG -- : REQUESTING PAGE: POST /users with {"utf8"=>"✓", "user"=>{"name"=>"Example User", "email"=>"user@example.com", "password"=>"foobar", "password_confirmation"=>"foobar"}, "commit"=>"Inscription"} and HTTP headers {"HTTP_REFERER"=>"/signup"}
D, [2014-02-22T21:43:11.724048 #1740] DEBUG -- : REQUESTING PAGE: GET http://www.example.com/users/1 with {} and HTTP headers {"HTTP_REFERER"=>"/users"}
D, [2014-02-22T21:43:11.748014 #1740] DEBUG -- : REQUESTING PAGE: GET /signup with {} and HTTP headers {}
D, [2014-02-22T21:43:11.806145 #1740] DEBUG -- : REQUESTING PAGE: POST /users with {"utf8"=>"✓", "user"=>{"name"=>"", "email"=>"", "password"=>"", "password_confirmation"=>""}, "commit"=>"Inscription"} and HTTP headers {"HTTP_REFERER"=>"/signup"}
D, [2014-02-22T21:44:11.926623 #1752] DEBUG -- : REQUESTING PAGE: GET /signup with {} and HTTP headers {}
D, [2014-02-22T21:44:11.945871 #1752] DEBUG -- : REQUESTING PAGE: POST /users with {"utf8"=>"✓", "user"=>{"name"=>"", "email"=>"", "password"=>"", "password_confirmation"=>""}, "commit"=>"Inscription"} and HTTP headers {"HTTP_REFERER"=>"/signup"}
D, [2014-02-22T21:44:11.970880 #1752] DEBUG -- : REQUESTING PAGE: GET /signup with {} and HTTP headers {}
D, [2014-02-22T21:44:11.990753 #1752] DEBUG -- : REQUESTING PAGE: POST /users with {"utf8"=>"✓", "user"=>{"name"=>"Example User", "email"=>"user@example.com", "password"=>"foobar", "password_confirmation"=>"foobar"}, "commit"=>"Inscription"} and HTTP headers {"HTTP_REFERER"=>"/signup"}
D, [2014-02-22T21:44:11.998712 #1752] DEBUG -- : REQUESTING PAGE: GET http://www.example.com/users/1 with {} and HTTP headers {"HTTP_REFERER"=>"/users"}
D, [2014-02-22T21:46:39.506075 #1777] DEBUG -- : REQUESTING PAGE: GET /signup with {} and HTTP headers {}
D, [2014-02-22T21:46:39.527932 #1777] DEBUG -- : REQUESTING PAGE: POST /users with {"utf8"=>"✓", "user"=>{"name"=>"Example User", "email"=>"user@example.com", "password"=>"foobar", "password_confirmation"=>"foobar"}, "commit"=>"Inscription"} and HTTP headers {"HTTP_REFERER"=>"/signup"}
D, [2014-02-22T21:46:39.535153 #1777] DEBUG -- : REQUESTING PAGE: GET http://www.example.com/users/1 with {} and HTTP headers {"HTTP_REFERER"=>"/users"}
D, [2014-02-22T21:46:39.557656 #1777] DEBUG -- : REQUESTING PAGE: GET /signup with {} and HTTP headers {}
D, [2014-02-22T21:46:39.576748 #1777] DEBUG -- : REQUESTING PAGE: POST /users with {"utf8"=>"✓", "user"=>{"name"=>"", "email"=>"", "password"=>"", "password_confirmation"=>""}, "commit"=>"Inscription"} and HTTP headers {"HTTP_REFERER"=>"/signup"}
D, [2014-02-22T21:47:19.968902 #1789] DEBUG -- : REQUESTING PAGE: GET /signup with {} and HTTP headers {}
D, [2014-02-22T21:47:19.988562 #1789] DEBUG -- : REQUESTING PAGE: POST /users with {"utf8"=>"✓", "user"=>{"name"=>"", "email"=>"", "password"=>"", "password_confirmation"=>""}, "commit"=>"Inscription"} and HTTP headers {"HTTP_REFERER"=>"/signup"}
D, [2014-02-22T21:47:20.013637 #1789] DEBUG -- : REQUESTING PAGE: GET /signup with {} and HTTP headers {}
D, [2014-02-22T21:47:20.032718 #1789] DEBUG -- : REQUESTING PAGE: POST /users with {"utf8"=>"✓", "user"=>{"name"=>"Example User", "email"=>"user@example.com", "password"=>"foobar", "password_confirmation"=>"foobar"}, "commit"=>"Inscription"} and HTTP headers {"HTTP_REFERER"=>"/signup"}
D, [2014-02-22T21:47:20.038926 #1789] DEBUG -- : REQUESTING PAGE: GET http://www.example.com/users/1 with {} and HTTP headers {"HTTP_REFERER"=>"/users"}
D, [2014-02-22T21:52:21.777592 #1871] DEBUG -- : REQUESTING PAGE: GET /signup with {} and HTTP headers {}
D, [2014-02-22T21:52:21.877105 #1871] DEBUG -- : REQUESTING PAGE: POST /users with {"utf8"=>"✓", "user"=>{"name"=>"", "email"=>"", "password"=>"", "password_confirmation"=>""}, "commit"=>"Inscription"} and HTTP headers {"HTTP_REFERER"=>"/signup"}
D, [2014-02-22T21:52:21.938619 #1871] DEBUG -- : REQUESTING PAGE: GET /signup with {} and HTTP headers {}
D, [2014-02-22T21:52:21.960289 #1871] DEBUG -- : REQUESTING PAGE: POST /users with {"utf8"=>"✓", "user"=>{"name"=>"Example User", "email"=>"user@example.com", "password"=>"foobar", "password_confirmation"=>"foobar"}, "commit"=>"Inscription"} and HTTP headers {"HTTP_REFERER"=>"/signup"}
D, [2014-02-22T21:52:21.975390 #1871] DEBUG -- : REQUESTING PAGE: GET http://www.example.com/users/1 with {} and HTTP headers {"HTTP_REFERER"=>"/users"}
